<?xml version="1.0" encoding="UTF-8"?>
<coverage generated="1740268296015" clover="3.2.0">
  <project timestamp="1740268296015" name="All files">
    <metrics statements="9" coveredstatements="9" conditionals="3" coveredconditionals="3" methods="4" coveredmethods="4" elements="16" coveredelements="16" complexity="0" loc="9" ncloc="9" packages="1" files="1" classes="1"/>
    <file name="UseKeyPress.tsx" path="/Users/pooch/Dev/frontend/collageui/src/hooks/UseKeyPress.tsx">
      <metrics statements="9" coveredstatements="9" conditionals="3" coveredconditionals="3" methods="4" coveredmethods="4"/>
      <line num="1" count="1" type="stmt"/>
      <line num="8" count="1" type="stmt"/>
      <line num="13" count="3" type="cond" truecount="1" falsecount="0"/>
      <line num="14" count="2" type="stmt"/>
      <line num="15" count="2" type="stmt"/>
      <line num="16" count="2" type="cond" truecount="1" falsecount="0"/>
      <line num="17" count="1" type="stmt"/>
      <line num="20" count="2" type="stmt"/>
      <line num="21" count="2" type="stmt"/>
    </file>
  </project>
</coverage>
