{"/Users/pooch/Dev/frontend/collageui/src/hooks/UseKeyPress.tsx": {"path":"/Users/pooch/Dev/frontend/collageui/src/hooks/UseKeyPress.tsx","statementMap":{"0":{"start":{"line":1,"column":0},"end":{"line":1,"column":34}},"1":{"start":{"line":8,"column":27},"end":{"line":23,"column":1}},"2":{"start":{"line":13,"column":1},"end":{"line":13,"column":23}},"3":{"start":{"line":13,"column":16},"end":{"line":13,"column":23}},"4":{"start":{"line":14,"column":1},"end":{"line":22,"column":20}},"5":{"start":{"line":15,"column":19},"end":{"line":19,"column":3}},"6":{"start":{"line":16,"column":3},"end":{"line":18,"column":4}},"7":{"start":{"line":17,"column":4},"end":{"line":17,"column":14}},"8":{"start":{"line":20,"column":2},"end":{"line":20,"column":47}},"9":{"start":{"line":21,"column":2},"end":{"line":21,"column":63}},"10":{"start":{"line":21,"column":15},"end":{"line":21,"column":62}},"11":{"start":{"line":8,"column":13},"end":{"line":8,"column":27}}},"fnMap":{"0":{"name":"(anonymous_0)","decl":{"start":{"line":8,"column":27},"end":{"line":8,"column":null}},"loc":{"start":{"line":12,"column":4},"end":{"line":23,"column":1}}},"1":{"name":"(anonymous_1)","decl":{"start":{"line":14,"column":11},"end":{"line":14,"column":14}},"loc":{"start":{"line":14,"column":16},"end":{"line":22,"column":2}}},"2":{"name":"(anonymous_2)","decl":{"start":{"line":15,"column":19},"end":{"line":15,"column":20}},"loc":{"start":{"line":15,"column":44},"end":{"line":19,"column":3}}},"3":{"name":"(anonymous_3)","decl":{"start":{"line":21,"column":9},"end":{"line":21,"column":12}},"loc":{"start":{"line":21,"column":15},"end":{"line":21,"column":62}}}},"branchMap":{"0":{"loc":{"start":{"line":11,"column":1},"end":{"line":11,"column":16}},"type":"default-arg","locations":[{"start":{"line":11,"column":12},"end":{"line":11,"column":16}}]},"1":{"loc":{"start":{"line":13,"column":1},"end":{"line":13,"column":23}},"type":"if","locations":[{"start":{"line":13,"column":1},"end":{"line":13,"column":23}}]},"2":{"loc":{"start":{"line":16,"column":3},"end":{"line":18,"column":4}},"type":"if","locations":[{"start":{"line":16,"column":3},"end":{"line":18,"column":4}}]}},"s":{"0":1,"1":1,"2":3,"3":1,"4":2,"5":2,"6":2,"7":1,"8":2,"9":2,"10":2,"11":1},"f":{"0":3,"1":2,"2":2,"3":2},"b":{"0":[2],"1":[1],"2":[1]}}
}
